<?xml version="1.0" encoding="UTF-8"?>
<testsuite xmlns:xsi="http://www.w3.org/2001/XMLSchema-instance" xsi:noNamespaceSchemaLocation="https://maven.apache.org/surefire/maven-surefire-plugin/xsd/surefire-test-report.xsd" name="ru.netology.statistic.StatisticsServiceTest" time="0.051" tests="2" errors="0" skipped="0" failures="0">
  <properties>
[...]
</properties>
  <testcase name="findMax" classname="ru.netology.statistic.StatisticsServiceTest" time="0.039"/>
  <testcase name="findMaxIfSalesGrowsEveryMonth" classname="ru.netology.statistic.StatisticsServiceTest" time="0"/>
</testsuite>